\BOOKMARK [0][-]{chapter*.1}{\376\377\166\356\137\125}{}% 1
\BOOKMARK [0][-]{chapter.0.1}{\376\377\173\054\116\000\172\340\000\040\000\040\000E\000C\000S\116\221\147\015\122\241\126\150}{}% 2
\BOOKMARK [0][-]{chapter.0.2}{\376\377\173\054\116\214\172\340\000\040\000\040\000O\000S\000S\133\371\214\141\133\130\120\250}{}% 3
\BOOKMARK [1][-]{section.0.2.1}{\376\377\0001\000\040\000B\000u\000c\000k\000e\000t\122\027\210\150}{chapter.0.2}% 4
\BOOKMARK [0][-]{chapter.0.3}{\376\377\173\054\116\011\172\340\000\040\000\040\000K\000u\000b\000e\000r\000n\000e\000t\000e\000s\133\271\126\150\147\015\122\241}{}% 5
\BOOKMARK [1][-]{section.0.3.1}{\376\377\0001\000\040\133\211\121\150\176\304}{chapter.0.3}% 6
\BOOKMARK [0][-]{chapter.0.4}{\376\377\173\054\126\333\172\340\000\040\000\040\000S\000L\000B\215\037\217\175\127\107\210\141}{}% 7
\BOOKMARK [0][-]{chapter.0.5}{\376\377\173\054\116\224\172\340\000\040\000\040\000D\000N\000S\116\221\211\343\147\220}{}% 8
\BOOKMARK [1][-]{section.0.5.1}{\376\377\0001\000\040\127\337\124\015\211\343\147\220}{chapter.0.5}% 9
\BOOKMARK [0][-]{chapter.0.6}{\376\377\173\054\121\155\172\340\000\040\000\040\000S\000S\000L\145\160\133\127\213\301\116\146\173\241\164\006\147\015\122\241}{}% 10
\BOOKMARK [1][-]{section.0.6.1}{\376\377\0001\000\040\145\160\133\127\213\301\116\146\173\241\164\006\147\015\122\241}{chapter.0.6}% 11
\BOOKMARK [1][-]{section.0.6.2}{\376\377\0002\000\040\213\301\116\146\165\063\213\367}{chapter.0.6}% 12
\BOOKMARK [1][-]{section.0.6.3}{\376\377\0003\000\040\213\276\177\156\000T\000X\000T\211\343\147\220\213\260\137\125}{chapter.0.6}% 13
\BOOKMARK [1][-]{section.0.6.4}{\376\377\0004\000\040\000S\000S\000L\213\301\116\146}{chapter.0.6}% 14
\BOOKMARK [1][-]{section.0.6.5}{\376\377\0005\000\040\000i\000n\000g\000r\000e\000s\000s}{chapter.0.6}% 15
\BOOKMARK [1][-]{section.0.6.6}{\376\377\0006\000\040\116\012\117\040\000S\000S\000L\213\301\116\146}{chapter.0.6}% 16
\BOOKMARK [1][-]{section.0.6.7}{\376\377\0007\000\040\000g\000a\000t\000e\000w\000a\000y}{chapter.0.6}% 17
\BOOKMARK [1][-]{section.0.6.8}{\376\377\0008\000\040\000s\000s\000l}{chapter.0.6}% 18
\BOOKMARK [1][-]{section.0.6.9}{\376\377\0009\000\040\000c\000e\000r\000t}{chapter.0.6}% 19
\BOOKMARK [0][-]{chapter.0.7}{\376\377\173\054\116\003\172\340\000\040\000\040\000V\000P\000C\116\023\147\011\177\121\176\334}{}% 20
